<?xml version="1.0" encoding="UTF-8"?>
<!-- Generated by org.testng.reporters.JUnitReportReporter -->
<testsuite hostname="INLEN8520074584" failures="0" tests="3" name="testrunner.MarketPlace1_TestRunner" time="36.398" errors="0" timestamp="2023-06-08T14:21:46 IST" skipped="0">
  <testcase classname="testrunner.MarketPlace1_TestRunner" name="runScenario" time="12.571"/>
  <system-out/>
  <testcase classname="testrunner.MarketPlace1_TestRunner" name="runScenario" time="11.045"/>
  <system-out/>
  <testcase classname="testrunner.MarketPlace1_TestRunner" name="runScenario" time="12.782"/>
  <system-out/>
</testsuite> <!-- testrunner.MarketPlace1_TestRunner -->
