<?xml version="1.0" encoding="UTF-8"?>
<!-- Generated by org.testng.reporters.JUnitReportReporter -->
<testsuite hostname="INLEN8520074584" failures="0" tests="2" name="testrunner.MarketPlace1_Excel_TestRunner" time="21.692" errors="0" timestamp="2023-06-08T14:21:46 IST" skipped="0">
  <testcase classname="testrunner.MarketPlace1_Excel_TestRunner" name="runScenario" time="11.123"/>
  <system-out/>
  <testcase classname="testrunner.MarketPlace1_Excel_TestRunner" name="runScenario" time="10.569"/>
  <system-out/>
</testsuite> <!-- testrunner.MarketPlace1_Excel_TestRunner -->
