<?xml version="1.0" encoding="UTF-8"?>
<!-- Generated by org.testng.reporters.JUnitReportReporter -->
<testsuite hostname="INLEN8520074584" failures="0" tests="3" name="testrunner.LandingPage_TestRunner" time="30.922" errors="0" timestamp="2023-06-08T14:21:46 IST" skipped="0">
  <testcase classname="testrunner.LandingPage_TestRunner" name="runScenario" time="15.594"/>
  <system-out/>
  <testcase classname="testrunner.LandingPage_TestRunner" name="runScenario" time="9.711"/>
  <system-out/>
  <testcase classname="testrunner.LandingPage_TestRunner" name="runScenario" time="5.617"/>
  <system-out/>
</testsuite> <!-- testrunner.LandingPage_TestRunner -->
